2026-01-04T09:02:15.206429Z  INFO tailwindcss_oxide::scanner: Provided sources:
2026-01-04T09:02:15.206539Z  INFO tailwindcss_oxide::scanner: Source: PublicSourceEntry { base: "C:\\Users\\c0a250065c\\Desktop\\研究\\hakson\\pure_review\\frontend", pattern: "**/*", negated: false }
2026-01-04T09:02:15.206577Z  INFO tailwindcss_oxide::scanner: Source: PublicSourceEntry { base: "C:\\Users\\c0a250065c\\Desktop\\研究\\hakson\\pure_review\\frontend", pattern: "./src/**/*.{ts,tsx}", negated: false }
2026-01-04T09:02:15.207020Z  INFO tailwindcss_oxide::scanner: Optimized sources:
2026-01-04T09:02:15.207040Z  INFO tailwindcss_oxide::scanner: Source: Auto { base: "C:\\Users\\c0a250065c\\Desktop\\研究\\hakson\\pure_review\\frontend" }
2026-01-04T09:02:15.211354Z  INFO tailwindcss_oxide::scanner: Source: Pattern { base: "C:\\Users\\c0a250065c\\Desktop\\研究\\hakson\\pure_review\\frontend\\src", pattern: "**/*.ts" }
2026-01-04T09:02:15.211374Z  INFO tailwindcss_oxide::scanner: Source: Pattern { base: "C:\\Users\\c0a250065c\\Desktop\\研究\\hakson\\pure_review\\frontend\\src", pattern: "**/*.tsx" }
2026-01-04T09:02:15.212756Z  INFO scan_sources: tailwindcss_oxide::scanner: enter
2026-01-04T09:02:15.214289Z  INFO scan_sources: tailwindcss_oxide::scanner: Discovering "C:\\Users\\c0a250065c\\Desktop\\研究\\hakson\\pure_review\\frontend\\components.json"
2026-01-04T09:02:15.214358Z  INFO scan_sources: tailwindcss_oxide::scanner: Discovering "C:\\Users\\c0a250065c\\Desktop\\研究\\hakson\\pure_review\\frontend\\next.config.ts"
2026-01-04T09:02:15.214524Z  INFO scan_sources: tailwindcss_oxide::scanner: Discovering "C:\\Users\\c0a250065c\\Desktop\\研究\\hakson\\pure_review\\frontend\\package.json"
2026-01-04T09:02:15.214573Z  INFO scan_sources: tailwindcss_oxide::scanner: Discovering "C:\\Users\\c0a250065c\\Desktop\\研究\\hakson\\pure_review\\frontend\\postcss.config.mjs"
2026-01-04T09:02:15.214644Z  INFO scan_sources: tailwindcss_oxide::scanner: Discovering "C:\\Users\\c0a250065c\\Desktop\\研究\\hakson\\pure_review\\frontend\\public"
2026-01-04T09:02:15.214745Z  INFO scan_sources: tailwindcss_oxide::scanner: Discovering "C:\\Users\\c0a250065c\\Desktop\\研究\\hakson\\pure_review\\frontend\\public\\file.svg"
2026-01-04T09:02:15.214789Z  INFO scan_sources: tailwindcss_oxide::scanner: Discovering "C:\\Users\\c0a250065c\\Desktop\\研究\\hakson\\pure_review\\frontend\\public\\globe.svg"
2026-01-04T09:02:15.214829Z  INFO scan_sources: tailwindcss_oxide::scanner: Discovering "C:\\Users\\c0a250065c\\Desktop\\研究\\hakson\\pure_review\\frontend\\public\\next.svg"
2026-01-04T09:02:15.214872Z  INFO scan_sources: tailwindcss_oxide::scanner: Discovering "C:\\Users\\c0a250065c\\Desktop\\研究\\hakson\\pure_review\\frontend\\public\\vercel.svg"
2026-01-04T09:02:15.214913Z  INFO scan_sources: tailwindcss_oxide::scanner: Discovering "C:\\Users\\c0a250065c\\Desktop\\研究\\hakson\\pure_review\\frontend\\public\\window.svg"
2026-01-04T09:02:15.215000Z  INFO scan_sources: tailwindcss_oxide::scanner: Discovering "C:\\Users\\c0a250065c\\Desktop\\研究\\hakson\\pure_review\\frontend\\README.md"
2026-01-04T09:02:15.215070Z  INFO scan_sources: tailwindcss_oxide::scanner: Discovering "C:\\Users\\c0a250065c\\Desktop\\研究\\hakson\\pure_review\\frontend\\src"
2026-01-04T09:02:15.215187Z  INFO scan_sources: tailwindcss_oxide::scanner: Discovering "C:\\Users\\c0a250065c\\Desktop\\研究\\hakson\\pure_review\\frontend\\src\\app"
2026-01-04T09:02:15.215303Z  INFO scan_sources: tailwindcss_oxide::scanner: Discovering "C:\\Users\\c0a250065c\\Desktop\\研究\\hakson\\pure_review\\frontend\\src\\app\\api"
2026-01-04T09:02:15.215438Z  INFO scan_sources: tailwindcss_oxide::scanner: Discovering "C:\\Users\\c0a250065c\\Desktop\\研究\\hakson\\pure_review\\frontend\\src\\app\\api\\courses"
2026-01-04T09:02:15.215551Z  INFO scan_sources: tailwindcss_oxide::scanner: Discovering "C:\\Users\\c0a250065c\\Desktop\\研究\\hakson\\pure_review\\frontend\\src\\app\\api\\courses\\[courseId]"
2026-01-04T09:02:15.215641Z  INFO scan_sources: tailwindcss_oxide::scanner: Discovering "C:\\Users\\c0a250065c\\Desktop\\研究\\hakson\\pure_review\\frontend\\src\\app\\api\\courses\\[courseId]\\route.ts"
2026-01-04T09:02:15.215784Z  INFO scan_sources: tailwindcss_oxide::scanner: Discovering "C:\\Users\\c0a250065c\\Desktop\\研究\\hakson\\pure_review\\frontend\\src\\app\\assignments"
2026-01-04T09:02:15.215879Z  INFO scan_sources: tailwindcss_oxide::scanner: Discovering "C:\\Users\\c0a250065c\\Desktop\\研究\\hakson\\pure_review\\frontend\\src\\app\\assignments\\AssignmentsClient.tsx"
2026-01-04T09:02:15.215926Z  INFO scan_sources: tailwindcss_oxide::scanner: Discovering "C:\\Users\\c0a250065c\\Desktop\\研究\\hakson\\pure_review\\frontend\\src\\app\\assignments\\page.tsx"
2026-01-04T09:02:15.215995Z  INFO scan_sources: tailwindcss_oxide::scanner: Discovering "C:\\Users\\c0a250065c\\Desktop\\研究\\hakson\\pure_review\\frontend\\src\\app\\assignments\\[assignmentId]"
2026-01-04T09:02:15.216082Z  INFO scan_sources: tailwindcss_oxide::scanner: Discovering "C:\\Users\\c0a250065c\\Desktop\\研究\\hakson\\pure_review\\frontend\\src\\app\\assignments\\[assignmentId]\\page.tsx"
2026-01-04T09:02:15.216173Z  INFO scan_sources: tailwindcss_oxide::scanner: Discovering "C:\\Users\\c0a250065c\\Desktop\\研究\\hakson\\pure_review\\frontend\\src\\app\\auth"
2026-01-04T09:02:15.216300Z  INFO scan_sources: tailwindcss_oxide::scanner: Discovering "C:\\Users\\c0a250065c\\Desktop\\研究\\hakson\\pure_review\\frontend\\src\\app\\auth\\login"
2026-01-04T09:02:15.216385Z  INFO scan_sources: tailwindcss_oxide::scanner: Discovering "C:\\Users\\c0a250065c\\Desktop\\研究\\hakson\\pure_review\\frontend\\src\\app\\auth\\login\\page.tsx"
2026-01-04T09:02:15.216464Z  INFO scan_sources: tailwindcss_oxide::scanner: Discovering "C:\\Users\\c0a250065c\\Desktop\\研究\\hakson\\pure_review\\frontend\\src\\app\\auth\\register"
2026-01-04T09:02:15.216560Z  INFO scan_sources: tailwindcss_oxide::scanner: Discovering "C:\\Users\\c0a250065c\\Desktop\\研究\\hakson\\pure_review\\frontend\\src\\app\\auth\\register\\page.tsx"
2026-01-04T09:02:15.216652Z  INFO scan_sources: tailwindcss_oxide::scanner: Discovering "C:\\Users\\c0a250065c\\Desktop\\研究\\hakson\\pure_review\\frontend\\src\\app\\courses"
2026-01-04T09:02:15.216772Z  INFO scan_sources: tailwindcss_oxide::scanner: Discovering "C:\\Users\\c0a250065c\\Desktop\\研究\\hakson\\pure_review\\frontend\\src\\app\\courses\\[courseId]"
2026-01-04T09:02:15.216856Z  INFO scan_sources: tailwindcss_oxide::scanner: Discovering "C:\\Users\\c0a250065c\\Desktop\\研究\\hakson\\pure_review\\frontend\\src\\app\\courses\\[courseId]\\page.tsx"
2026-01-04T09:02:15.216939Z  INFO scan_sources: tailwindcss_oxide::scanner: Discovering "C:\\Users\\c0a250065c\\Desktop\\研究\\hakson\\pure_review\\frontend\\src\\app\\globals.css"
2026-01-04T09:02:15.216980Z  INFO scan_sources: tailwindcss_oxide::scanner: Discovering "C:\\Users\\c0a250065c\\Desktop\\研究\\hakson\\pure_review\\frontend\\src\\app\\layout.tsx"
2026-01-04T09:02:15.217049Z  INFO scan_sources: tailwindcss_oxide::scanner: Discovering "C:\\Users\\c0a250065c\\Desktop\\研究\\hakson\\pure_review\\frontend\\src\\app\\mypage"
2026-01-04T09:02:15.217138Z  INFO scan_sources: tailwindcss_oxide::scanner: Discovering "C:\\Users\\c0a250065c\\Desktop\\研究\\hakson\\pure_review\\frontend\\src\\app\\mypage\\MyPageClient.tsx"
2026-01-04T09:02:15.217180Z  INFO scan_sources: tailwindcss_oxide::scanner: Discovering "C:\\Users\\c0a250065c\\Desktop\\研究\\hakson\\pure_review\\frontend\\src\\app\\mypage\\page.tsx"
2026-01-04T09:02:15.217232Z  INFO scan_sources: tailwindcss_oxide::scanner: Discovering "C:\\Users\\c0a250065c\\Desktop\\研究\\hakson\\pure_review\\frontend\\src\\app\\page.tsx"
2026-01-04T09:02:15.217270Z  INFO scan_sources: tailwindcss_oxide::scanner: Discovering "C:\\Users\\c0a250065c\\Desktop\\研究\\hakson\\pure_review\\frontend\\src\\app\\providers.tsx"
2026-01-04T09:02:15.217334Z  INFO scan_sources: tailwindcss_oxide::scanner: Discovering "C:\\Users\\c0a250065c\\Desktop\\研究\\hakson\\pure_review\\frontend\\src\\app\\start"
2026-01-04T09:02:15.217444Z  INFO scan_sources: tailwindcss_oxide::scanner: Discovering "C:\\Users\\c0a250065c\\Desktop\\研究\\hakson\\pure_review\\frontend\\src\\app\\start\\page.tsx"
2026-01-04T09:02:15.217525Z  INFO scan_sources: tailwindcss_oxide::scanner: Discovering "C:\\Users\\c0a250065c\\Desktop\\研究\\hakson\\pure_review\\frontend\\src\\app\\ta"
2026-01-04T09:02:15.217632Z  INFO scan_sources: tailwindcss_oxide::scanner: Discovering "C:\\Users\\c0a250065c\\Desktop\\研究\\hakson\\pure_review\\frontend\\src\\app\\ta\\requests"
2026-01-04T09:02:15.217717Z  INFO scan_sources: tailwindcss_oxide::scanner: Discovering "C:\\Users\\c0a250065c\\Desktop\\研究\\hakson\\pure_review\\frontend\\src\\app\\ta\\requests\\page.tsx"
2026-01-04T09:02:15.217821Z  INFO scan_sources: tailwindcss_oxide::scanner: Discovering "C:\\Users\\c0a250065c\\Desktop\\研究\\hakson\\pure_review\\frontend\\src\\components"
2026-01-04T09:02:15.217910Z  INFO scan_sources: tailwindcss_oxide::scanner: Discovering "C:\\Users\\c0a250065c\\Desktop\\研究\\hakson\\pure_review\\frontend\\src\\components\\ErrorMessages.tsx"
2026-01-04T09:02:15.217984Z  INFO scan_sources: tailwindcss_oxide::scanner: Discovering "C:\\Users\\c0a250065c\\Desktop\\研究\\hakson\\pure_review\\frontend\\src\\components\\legacy-ui"
2026-01-04T09:02:15.218067Z  INFO scan_sources: tailwindcss_oxide::scanner: Discovering "C:\\Users\\c0a250065c\\Desktop\\研究\\hakson\\pure_review\\frontend\\src\\components\\legacy-ui\\Card.tsx"
2026-01-04T09:02:15.218105Z  INFO scan_sources: tailwindcss_oxide::scanner: Discovering "C:\\Users\\c0a250065c\\Desktop\\研究\\hakson\\pure_review\\frontend\\src\\components\\legacy-ui\\Form.tsx"
2026-01-04T09:02:15.218163Z  INFO scan_sources: tailwindcss_oxide::scanner: Discovering "C:\\Users\\c0a250065c\\Desktop\\研究\\hakson\\pure_review\\frontend\\src\\components\\NavBar.tsx"
2026-01-04T09:02:15.218203Z  INFO scan_sources: tailwindcss_oxide::scanner: Discovering "C:\\Users\\c0a250065c\\Desktop\\研究\\hakson\\pure_review\\frontend\\src\\components\\PageTransition.tsx"
2026-01-04T09:02:15.218241Z  INFO scan_sources: tailwindcss_oxide::scanner: Discovering "C:\\Users\\c0a250065c\\Desktop\\研究\\hakson\\pure_review\\frontend\\src\\components\\RadarSkillChart.tsx"
2026-01-04T09:02:15.218308Z  INFO scan_sources: tailwindcss_oxide::scanner: Discovering "C:\\Users\\c0a250065c\\Desktop\\研究\\hakson\\pure_review\\frontend\\src\\components\\ui"
2026-01-04T09:02:15.218395Z  INFO scan_sources: tailwindcss_oxide::scanner: Discovering "C:\\Users\\c0a250065c\\Desktop\\研究\\hakson\\pure_review\\frontend\\src\\components\\ui\\alert.tsx"
2026-01-04T09:02:15.218435Z  INFO scan_sources: tailwindcss_oxide::scanner: Discovering "C:\\Users\\c0a250065c\\Desktop\\研究\\hakson\\pure_review\\frontend\\src\\components\\ui\\button.tsx"
2026-01-04T09:02:15.218474Z  INFO scan_sources: tailwindcss_oxide::scanner: Discovering "C:\\Users\\c0a250065c\\Desktop\\研究\\hakson\\pure_review\\frontend\\src\\components\\ui\\card.tsx"
2026-01-04T09:02:15.218513Z  INFO scan_sources: tailwindcss_oxide::scanner: Discovering "C:\\Users\\c0a250065c\\Desktop\\研究\\hakson\\pure_review\\frontend\\src\\components\\ui\\dialog.tsx"
2026-01-04T09:02:15.218550Z  INFO scan_sources: tailwindcss_oxide::scanner: Discovering "C:\\Users\\c0a250065c\\Desktop\\研究\\hakson\\pure_review\\frontend\\src\\components\\ui\\field.tsx"
2026-01-04T09:02:15.218588Z  INFO scan_sources: tailwindcss_oxide::scanner: Discovering "C:\\Users\\c0a250065c\\Desktop\\研究\\hakson\\pure_review\\frontend\\src\\components\\ui\\input.tsx"
2026-01-04T09:02:15.218625Z  INFO scan_sources: tailwindcss_oxide::scanner: Discovering "C:\\Users\\c0a250065c\\Desktop\\研究\\hakson\\pure_review\\frontend\\src\\components\\ui\\label.tsx"
2026-01-04T09:02:15.218662Z  INFO scan_sources: tailwindcss_oxide::scanner: Discovering "C:\\Users\\c0a250065c\\Desktop\\研究\\hakson\\pure_review\\frontend\\src\\components\\ui\\select.tsx"
2026-01-04T09:02:15.218701Z  INFO scan_sources: tailwindcss_oxide::scanner: Discovering "C:\\Users\\c0a250065c\\Desktop\\研究\\hakson\\pure_review\\frontend\\src\\components\\ui\\textarea.tsx"
2026-01-04T09:02:15.218794Z  INFO scan_sources: tailwindcss_oxide::scanner: Discovering "C:\\Users\\c0a250065c\\Desktop\\研究\\hakson\\pure_review\\frontend\\src\\lib"
2026-01-04T09:02:15.218884Z  INFO scan_sources: tailwindcss_oxide::scanner: Discovering "C:\\Users\\c0a250065c\\Desktop\\研究\\hakson\\pure_review\\frontend\\src\\lib\\api.ts"
2026-01-04T09:02:15.218934Z  INFO scan_sources: tailwindcss_oxide::scanner: Discovering "C:\\Users\\c0a250065c\\Desktop\\研究\\hakson\\pure_review\\frontend\\src\\lib\\reviewerSkill.ts"
2026-01-04T09:02:15.218973Z  INFO scan_sources: tailwindcss_oxide::scanner: Discovering "C:\\Users\\c0a250065c\\Desktop\\研究\\hakson\\pure_review\\frontend\\src\\lib\\types.ts"
2026-01-04T09:02:15.219010Z  INFO scan_sources: tailwindcss_oxide::scanner: Discovering "C:\\Users\\c0a250065c\\Desktop\\研究\\hakson\\pure_review\\frontend\\src\\lib\\utils.ts"
2026-01-04T09:02:15.219078Z  INFO scan_sources: tailwindcss_oxide::scanner: Discovering "C:\\Users\\c0a250065c\\Desktop\\研究\\hakson\\pure_review\\frontend\\tailwind.config.cjs"
2026-01-04T09:02:15.219128Z  INFO scan_sources: tailwindcss_oxide::scanner: Discovering "C:\\Users\\c0a250065c\\Desktop\\研究\\hakson\\pure_review\\frontend\\tsconfig.json"
2026-01-04T09:02:15.219660Z  INFO scan_sources: tailwindcss_oxide::scanner: Discovering "C:\\Users\\c0a250065c\\Desktop\\研究\\hakson\\pure_review\\frontend\\src\\app"
2026-01-04T09:02:15.219776Z  INFO scan_sources: tailwindcss_oxide::scanner: Discovering "C:\\Users\\c0a250065c\\Desktop\\研究\\hakson\\pure_review\\frontend\\src\\app\\api"
2026-01-04T09:02:15.219884Z  INFO scan_sources: tailwindcss_oxide::scanner: Discovering "C:\\Users\\c0a250065c\\Desktop\\研究\\hakson\\pure_review\\frontend\\src\\app\\api\\courses"
2026-01-04T09:02:15.220063Z  INFO scan_sources: tailwindcss_oxide::scanner: Discovering "C:\\Users\\c0a250065c\\Desktop\\研究\\hakson\\pure_review\\frontend\\src\\app\\api\\courses\\[courseId]"
2026-01-04T09:02:15.220233Z  INFO scan_sources: tailwindcss_oxide::scanner: Discovering "C:\\Users\\c0a250065c\\Desktop\\研究\\hakson\\pure_review\\frontend\\src\\app\\assignments"
2026-01-04T09:02:15.220380Z  INFO scan_sources: tailwindcss_oxide::scanner: Discovering "C:\\Users\\c0a250065c\\Desktop\\研究\\hakson\\pure_review\\frontend\\src\\app\\assignments\\[assignmentId]"
2026-01-04T09:02:15.220529Z  INFO scan_sources: tailwindcss_oxide::scanner: Discovering "C:\\Users\\c0a250065c\\Desktop\\研究\\hakson\\pure_review\\frontend\\src\\app\\auth"
2026-01-04T09:02:15.220633Z  INFO scan_sources: tailwindcss_oxide::scanner: Discovering "C:\\Users\\c0a250065c\\Desktop\\研究\\hakson\\pure_review\\frontend\\src\\app\\auth\\login"
2026-01-04T09:02:15.220765Z  INFO scan_sources: tailwindcss_oxide::scanner: Discovering "C:\\Users\\c0a250065c\\Desktop\\研究\\hakson\\pure_review\\frontend\\src\\app\\auth\\register"
2026-01-04T09:02:15.220908Z  INFO scan_sources: tailwindcss_oxide::scanner: Discovering "C:\\Users\\c0a250065c\\Desktop\\研究\\hakson\\pure_review\\frontend\\src\\app\\courses"
2026-01-04T09:02:15.221020Z  INFO scan_sources: tailwindcss_oxide::scanner: Discovering "C:\\Users\\c0a250065c\\Desktop\\研究\\hakson\\pure_review\\frontend\\src\\app\\courses\\[courseId]"
2026-01-04T09:02:15.221213Z  INFO scan_sources: tailwindcss_oxide::scanner: Discovering "C:\\Users\\c0a250065c\\Desktop\\研究\\hakson\\pure_review\\frontend\\src\\app\\mypage"
2026-01-04T09:02:15.221406Z  INFO scan_sources: tailwindcss_oxide::scanner: Discovering "C:\\Users\\c0a250065c\\Desktop\\研究\\hakson\\pure_review\\frontend\\src\\app\\start"
2026-01-04T09:02:15.221554Z  INFO scan_sources: tailwindcss_oxide::scanner: Discovering "C:\\Users\\c0a250065c\\Desktop\\研究\\hakson\\pure_review\\frontend\\src\\app\\ta"
2026-01-04T09:02:15.221655Z  INFO scan_sources: tailwindcss_oxide::scanner: Discovering "C:\\Users\\c0a250065c\\Desktop\\研究\\hakson\\pure_review\\frontend\\src\\app\\ta\\requests"
2026-01-04T09:02:15.221814Z  INFO scan_sources: tailwindcss_oxide::scanner: Discovering "C:\\Users\\c0a250065c\\Desktop\\研究\\hakson\\pure_review\\frontend\\src\\components"
2026-01-04T09:02:15.221982Z  INFO scan_sources: tailwindcss_oxide::scanner: Discovering "C:\\Users\\c0a250065c\\Desktop\\研究\\hakson\\pure_review\\frontend\\src\\components\\legacy-ui"
2026-01-04T09:02:15.222196Z  INFO scan_sources: tailwindcss_oxide::scanner: Discovering "C:\\Users\\c0a250065c\\Desktop\\研究\\hakson\\pure_review\\frontend\\src\\components\\ui"
2026-01-04T09:02:15.222502Z  INFO scan_sources: tailwindcss_oxide::scanner: Discovering "C:\\Users\\c0a250065c\\Desktop\\研究\\hakson\\pure_review\\frontend\\src\\lib"
2026-01-04T09:02:15.222686Z  INFO scan_sources: tailwindcss_oxide::scanner: exit
2026-01-04T09:02:15.222700Z  INFO extract_candidates: tailwindcss_oxide::scanner: enter
2026-01-04T09:02:15.222707Z  INFO extract_candidates:read_all_files: tailwindcss_oxide::scanner: enter
2026-01-04T09:02:15.222712Z  INFO extract_candidates:read_all_files: tailwindcss_oxide::scanner: Reading 45 file(s)
2026-01-04T09:02:15.223329Z  INFO tailwindcss_oxide::scanner: Reading "C:\\Users\\c0a250065c\\Desktop\\研究\\hakson\\pure_review\\frontend\\public\\globe.svg"
2026-01-04T09:02:15.223340Z  INFO tailwindcss_oxide::scanner: Reading "C:\\Users\\c0a250065c\\Desktop\\研究\\hakson\\pure_review\\frontend\\src\\app\\assignments\\AssignmentsClient.tsx"
2026-01-04T09:02:15.223364Z  INFO tailwindcss_oxide::scanner: Reading "C:\\Users\\c0a250065c\\Desktop\\研究\\hakson\\pure_review\\frontend\\src\\app\\start\\page.tsx"
2026-01-04T09:02:15.223387Z  INFO tailwindcss_oxide::scanner: Reading "C:\\Users\\c0a250065c\\Desktop\\研究\\hakson\\pure_review\\frontend\\components.json"
2026-01-04T09:02:15.223411Z  INFO tailwindcss_oxide::scanner: Reading "C:\\Users\\c0a250065c\\Desktop\\研究\\hakson\\pure_review\\frontend\\public\\next.svg"
2026-01-04T09:02:15.223451Z  INFO tailwindcss_oxide::scanner: Reading "C:\\Users\\c0a250065c\\Desktop\\研究\\hakson\\pure_review\\frontend\\src\\app\\assignments\\page.tsx"
2026-01-04T09:02:15.223473Z  INFO tailwindcss_oxide::scanner: Reading "C:\\Users\\c0a250065c\\Desktop\\研究\\hakson\\pure_review\\frontend\\public\\vercel.svg"
2026-01-04T09:02:15.223490Z  INFO tailwindcss_oxide::scanner: Reading "C:\\Users\\c0a250065c\\Desktop\\研究\\hakson\\pure_review\\frontend\\src\\app\\ta\\requests\\page.tsx"
2026-01-04T09:02:15.223522Z  INFO tailwindcss_oxide::scanner: Reading "C:\\Users\\c0a250065c\\Desktop\\研究\\hakson\\pure_review\\frontend\\public\\window.svg"
2026-01-04T09:02:15.223528Z  INFO tailwindcss_oxide::scanner: Reading "C:\\Users\\c0a250065c\\Desktop\\研究\\hakson\\pure_review\\frontend\\next.config.ts"
2026-01-04T09:02:15.223567Z  INFO tailwindcss_oxide::scanner: Reading "C:\\Users\\c0a250065c\\Desktop\\研究\\hakson\\pure_review\\frontend\\README.md"
2026-01-04T09:02:15.223574Z  INFO tailwindcss_oxide::scanner: Reading "C:\\Users\\c0a250065c\\Desktop\\研究\\hakson\\pure_review\\frontend\\src\\app\\assignments\\[assignmentId]\\page.tsx"
2026-01-04T09:02:15.223601Z  INFO tailwindcss_oxide::scanner: Reading "C:\\Users\\c0a250065c\\Desktop\\研究\\hakson\\pure_review\\frontend\\src\\components\\ErrorMessages.tsx"
2026-01-04T09:02:15.223612Z  INFO tailwindcss_oxide::scanner: Reading "C:\\Users\\c0a250065c\\Desktop\\研究\\hakson\\pure_review\\frontend\\src\\app\\api\\courses\\[courseId]\\route.ts"
2026-01-04T09:02:15.223625Z  INFO tailwindcss_oxide::scanner: Reading "C:\\Users\\c0a250065c\\Desktop\\研究\\hakson\\pure_review\\frontend\\package.json"
2026-01-04T09:02:15.223657Z  INFO tailwindcss_oxide::scanner: Reading "C:\\Users\\c0a250065c\\Desktop\\研究\\hakson\\pure_review\\frontend\\postcss.config.mjs"
2026-01-04T09:02:15.223683Z  INFO tailwindcss_oxide::scanner: Reading "C:\\Users\\c0a250065c\\Desktop\\研究\\hakson\\pure_review\\frontend\\src\\app\\auth\\login\\page.tsx"
2026-01-04T09:02:15.223688Z  INFO tailwindcss_oxide::scanner: Reading "C:\\Users\\c0a250065c\\Desktop\\研究\\hakson\\pure_review\\frontend\\src\\components\\legacy-ui\\Card.tsx"
2026-01-04T09:02:15.223711Z  INFO tailwindcss_oxide::scanner: Reading "C:\\Users\\c0a250065c\\Desktop\\研究\\hakson\\pure_review\\frontend\\public\\file.svg"
2026-01-04T09:02:15.223744Z  INFO tailwindcss_oxide::scanner: Reading "C:\\Users\\c0a250065c\\Desktop\\研究\\hakson\\pure_review\\frontend\\src\\app\\auth\\register\\page.tsx"
2026-01-04T09:02:15.223751Z  INFO tailwindcss_oxide::scanner: Reading "C:\\Users\\c0a250065c\\Desktop\\研究\\hakson\\pure_review\\frontend\\src\\components\\ui\\dialog.tsx"
2026-01-04T09:02:15.223775Z  INFO tailwindcss_oxide::scanner: Reading "C:\\Users\\c0a250065c\\Desktop\\研究\\hakson\\pure_review\\frontend\\src\\app\\courses\\[courseId]\\page.tsx"
2026-01-04T09:02:15.223787Z  INFO tailwindcss_oxide::scanner: Reading "C:\\Users\\c0a250065c\\Desktop\\研究\\hakson\\pure_review\\frontend\\src\\components\\legacy-ui\\Form.tsx"
2026-01-04T09:02:15.223815Z  INFO tailwindcss_oxide::scanner: Reading "C:\\Users\\c0a250065c\\Desktop\\研究\\hakson\\pure_review\\frontend\\src\\app\\layout.tsx"
2026-01-04T09:02:15.223814Z  INFO tailwindcss_oxide::scanner: Reading "C:\\Users\\c0a250065c\\Desktop\\研究\\hakson\\pure_review\\frontend\\src\\lib\\api.ts"
2026-01-04T09:02:15.223845Z  INFO tailwindcss_oxide::scanner: Reading "C:\\Users\\c0a250065c\\Desktop\\研究\\hakson\\pure_review\\frontend\\src\\components\\ui\\field.tsx"
2026-01-04T09:02:15.223866Z  INFO tailwindcss_oxide::scanner: Reading "C:\\Users\\c0a250065c\\Desktop\\研究\\hakson\\pure_review\\frontend\\src\\components\\NavBar.tsx"
2026-01-04T09:02:15.223874Z  INFO tailwindcss_oxide::scanner: Reading "C:\\Users\\c0a250065c\\Desktop\\研究\\hakson\\pure_review\\frontend\\src\\app\\mypage\\MyPageClient.tsx"
2026-01-04T09:02:15.223879Z  INFO tailwindcss_oxide::scanner: Reading "C:\\Users\\c0a250065c\\Desktop\\研究\\hakson\\pure_review\\frontend\\src\\lib\\reviewerSkill.ts"
2026-01-04T09:02:15.223922Z  INFO tailwindcss_oxide::scanner: Reading "C:\\Users\\c0a250065c\\Desktop\\研究\\hakson\\pure_review\\frontend\\src\\app\\mypage\\page.tsx"
2026-01-04T09:02:15.223921Z  INFO tailwindcss_oxide::scanner: Reading "C:\\Users\\c0a250065c\\Desktop\\研究\\hakson\\pure_review\\frontend\\src\\components\\ui\\input.tsx"
2026-01-04T09:02:15.223939Z  INFO tailwindcss_oxide::scanner: Reading "C:\\Users\\c0a250065c\\Desktop\\研究\\hakson\\pure_review\\frontend\\src\\lib\\types.ts"
2026-01-04T09:02:15.223940Z  INFO tailwindcss_oxide::scanner: Reading "C:\\Users\\c0a250065c\\Desktop\\研究\\hakson\\pure_review\\frontend\\src\\components\\PageTransition.tsx"
2026-01-04T09:02:15.223961Z  INFO tailwindcss_oxide::scanner: Reading "C:\\Users\\c0a250065c\\Desktop\\研究\\hakson\\pure_review\\frontend\\src\\app\\page.tsx"
2026-01-04T09:02:15.223984Z  INFO tailwindcss_oxide::scanner: Reading "C:\\Users\\c0a250065c\\Desktop\\研究\\hakson\\pure_review\\frontend\\src\\components\\ui\\label.tsx"
2026-01-04T09:02:15.223993Z  INFO tailwindcss_oxide::scanner: Reading "C:\\Users\\c0a250065c\\Desktop\\研究\\hakson\\pure_review\\frontend\\src\\lib\\utils.ts"
2026-01-04T09:02:15.224002Z  INFO tailwindcss_oxide::scanner: Reading "C:\\Users\\c0a250065c\\Desktop\\研究\\hakson\\pure_review\\frontend\\src\\app\\providers.tsx"
2026-01-04T09:02:15.224013Z  INFO tailwindcss_oxide::scanner: Reading "C:\\Users\\c0a250065c\\Desktop\\研究\\hakson\\pure_review\\frontend\\src\\components\\RadarSkillChart.tsx"
2026-01-04T09:02:15.224044Z  INFO tailwindcss_oxide::scanner: Reading "C:\\Users\\c0a250065c\\Desktop\\研究\\hakson\\pure_review\\frontend\\src\\components\\ui\\select.tsx"
2026-01-04T09:02:15.224050Z  INFO tailwindcss_oxide::scanner: Reading "C:\\Users\\c0a250065c\\Desktop\\研究\\hakson\\pure_review\\frontend\\tailwind.config.cjs"
2026-01-04T09:02:15.224051Z  INFO tailwindcss_oxide::scanner: Reading "C:\\Users\\c0a250065c\\Desktop\\研究\\hakson\\pure_review\\frontend\\tsconfig.json"
2026-01-04T09:02:15.224085Z  INFO tailwindcss_oxide::scanner: Reading "C:\\Users\\c0a250065c\\Desktop\\研究\\hakson\\pure_review\\frontend\\src\\components\\ui\\alert.tsx"
2026-01-04T09:02:15.224101Z  INFO tailwindcss_oxide::scanner: Reading "C:\\Users\\c0a250065c\\Desktop\\研究\\hakson\\pure_review\\frontend\\src\\components\\ui\\card.tsx"
2026-01-04T09:02:15.224117Z  INFO tailwindcss_oxide::scanner: Reading "C:\\Users\\c0a250065c\\Desktop\\研究\\hakson\\pure_review\\frontend\\src\\components\\ui\\textarea.tsx"
2026-01-04T09:02:15.224129Z  INFO tailwindcss_oxide::scanner: Reading "C:\\Users\\c0a250065c\\Desktop\\研究\\hakson\\pure_review\\frontend\\src\\components\\ui\\button.tsx"
2026-01-04T09:02:15.224200Z  INFO extract_candidates:read_all_files: tailwindcss_oxide::scanner: exit
2026-01-04T09:02:15.224208Z  INFO extract_candidates:parse_all_blobs: tailwindcss_oxide::scanner: enter
2026-01-04T09:02:15.224211Z  INFO extract_candidates:parse_all_blobs:extract: tailwindcss_oxide::scanner: enter
2026-01-04T09:02:15.225643Z  INFO extract_candidates:parse_all_blobs:extract: tailwindcss_oxide::scanner: exit
2026-01-04T09:02:15.225659Z  INFO extract_candidates:parse_all_blobs: tailwindcss_oxide::scanner: exit
2026-01-04T09:02:15.225663Z  INFO extract_candidates:read_all_files: tailwindcss_oxide::scanner: enter
2026-01-04T09:02:15.225665Z  INFO extract_candidates:read_all_files: tailwindcss_oxide::scanner: Reading 1 file(s)
2026-01-04T09:02:15.225726Z  INFO extract_candidates:read_all_files: tailwindcss_oxide::scanner: Reading "C:\\Users\\c0a250065c\\Desktop\\研究\\hakson\\pure_review\\frontend\\src\\app\\globals.css"
2026-01-04T09:02:15.225734Z  INFO extract_candidates:read_all_files: tailwindcss_oxide::scanner: exit
2026-01-04T09:02:15.225743Z  INFO extract_candidates:extract_css_variables: tailwindcss_oxide::scanner: enter
2026-01-04T09:02:15.225746Z  INFO extract_candidates:extract_css_variables:extract: tailwindcss_oxide::scanner: enter
2026-01-04T09:02:15.226239Z  INFO extract_candidates:extract_css_variables:extract: tailwindcss_oxide::scanner: exit
2026-01-04T09:02:15.226265Z  INFO extract_candidates:extract_css_variables: tailwindcss_oxide::scanner: exit
2026-01-04T09:02:15.227163Z  INFO extract_candidates: tailwindcss_oxide::scanner: exit
2026-01-04T09:02:15.227520Z  INFO get_files: tailwindcss_oxide::scanner: enter
2026-01-04T09:02:15.227528Z  INFO get_files:scan_sources: tailwindcss_oxide::scanner: enter
2026-01-04T09:02:15.229138Z  INFO get_files:scan_sources: tailwindcss_oxide::scanner: Discovering "C:\\Users\\c0a250065c\\Desktop\\研究\\hakson\\pure_review\\frontend\\public"
2026-01-04T09:02:15.229435Z  INFO get_files:scan_sources: tailwindcss_oxide::scanner: Discovering "C:\\Users\\c0a250065c\\Desktop\\研究\\hakson\\pure_review\\frontend\\src"
2026-01-04T09:02:15.229554Z  INFO get_files:scan_sources: tailwindcss_oxide::scanner: Discovering "C:\\Users\\c0a250065c\\Desktop\\研究\\hakson\\pure_review\\frontend\\src\\app"
2026-01-04T09:02:15.229672Z  INFO get_files:scan_sources: tailwindcss_oxide::scanner: Discovering "C:\\Users\\c0a250065c\\Desktop\\研究\\hakson\\pure_review\\frontend\\src\\app\\api"
2026-01-04T09:02:15.229789Z  INFO get_files:scan_sources: tailwindcss_oxide::scanner: Discovering "C:\\Users\\c0a250065c\\Desktop\\研究\\hakson\\pure_review\\frontend\\src\\app\\api\\courses"
2026-01-04T09:02:15.229900Z  INFO get_files:scan_sources: tailwindcss_oxide::scanner: Discovering "C:\\Users\\c0a250065c\\Desktop\\研究\\hakson\\pure_review\\frontend\\src\\app\\api\\courses\\[courseId]"
2026-01-04T09:02:15.230083Z  INFO get_files:scan_sources: tailwindcss_oxide::scanner: Discovering "C:\\Users\\c0a250065c\\Desktop\\研究\\hakson\\pure_review\\frontend\\src\\app\\assignments"
2026-01-04T09:02:15.230241Z  INFO get_files:scan_sources: tailwindcss_oxide::scanner: Discovering "C:\\Users\\c0a250065c\\Desktop\\研究\\hakson\\pure_review\\frontend\\src\\app\\assignments\\[assignmentId]"
2026-01-04T09:02:15.230395Z  INFO get_files:scan_sources: tailwindcss_oxide::scanner: Discovering "C:\\Users\\c0a250065c\\Desktop\\研究\\hakson\\pure_review\\frontend\\src\\app\\auth"
2026-01-04T09:02:15.230502Z  INFO get_files:scan_sources: tailwindcss_oxide::scanner: Discovering "C:\\Users\\c0a250065c\\Desktop\\研究\\hakson\\pure_review\\frontend\\src\\app\\auth\\login"
2026-01-04T09:02:15.230647Z  INFO get_files:scan_sources: tailwindcss_oxide::scanner: Discovering "C:\\Users\\c0a250065c\\Desktop\\研究\\hakson\\pure_review\\frontend\\src\\app\\auth\\register"
2026-01-04T09:02:15.230798Z  INFO get_files:scan_sources: tailwindcss_oxide::scanner: Discovering "C:\\Users\\c0a250065c\\Desktop\\研究\\hakson\\pure_review\\frontend\\src\\app\\courses"
2026-01-04T09:02:15.230903Z  INFO get_files:scan_sources: tailwindcss_oxide::scanner: Discovering "C:\\Users\\c0a250065c\\Desktop\\研究\\hakson\\pure_review\\frontend\\src\\app\\courses\\[courseId]"
2026-01-04T09:02:15.231110Z  INFO get_files:scan_sources: tailwindcss_oxide::scanner: Discovering "C:\\Users\\c0a250065c\\Desktop\\研究\\hakson\\pure_review\\frontend\\src\\app\\mypage"
2026-01-04T09:02:15.231308Z  INFO get_files:scan_sources: tailwindcss_oxide::scanner: Discovering "C:\\Users\\c0a250065c\\Desktop\\研究\\hakson\\pure_review\\frontend\\src\\app\\start"
2026-01-04T09:02:15.231453Z  INFO get_files:scan_sources: tailwindcss_oxide::scanner: Discovering "C:\\Users\\c0a250065c\\Desktop\\研究\\hakson\\pure_review\\frontend\\src\\app\\ta"
2026-01-04T09:02:15.231559Z  INFO get_files:scan_sources: tailwindcss_oxide::scanner: Discovering "C:\\Users\\c0a250065c\\Desktop\\研究\\hakson\\pure_review\\frontend\\src\\app\\ta\\requests"
2026-01-04T09:02:15.231722Z  INFO get_files:scan_sources: tailwindcss_oxide::scanner: Discovering "C:\\Users\\c0a250065c\\Desktop\\研究\\hakson\\pure_review\\frontend\\src\\components"
2026-01-04T09:02:15.231851Z  INFO get_files:scan_sources: tailwindcss_oxide::scanner: Discovering "C:\\Users\\c0a250065c\\Desktop\\研究\\hakson\\pure_review\\frontend\\src\\components\\legacy-ui"
2026-01-04T09:02:15.232073Z  INFO get_files:scan_sources: tailwindcss_oxide::scanner: Discovering "C:\\Users\\c0a250065c\\Desktop\\研究\\hakson\\pure_review\\frontend\\src\\components\\ui"
2026-01-04T09:02:15.232379Z  INFO get_files:scan_sources: tailwindcss_oxide::scanner: Discovering "C:\\Users\\c0a250065c\\Desktop\\研究\\hakson\\pure_review\\frontend\\src\\lib"
2026-01-04T09:02:15.233135Z  INFO get_files:scan_sources: tailwindcss_oxide::scanner: Discovering "C:\\Users\\c0a250065c\\Desktop\\研究\\hakson\\pure_review\\frontend\\src\\app"
2026-01-04T09:02:15.233259Z  INFO get_files:scan_sources: tailwindcss_oxide::scanner: Discovering "C:\\Users\\c0a250065c\\Desktop\\研究\\hakson\\pure_review\\frontend\\src\\app\\api"
2026-01-04T09:02:15.233371Z  INFO get_files:scan_sources: tailwindcss_oxide::scanner: Discovering "C:\\Users\\c0a250065c\\Desktop\\研究\\hakson\\pure_review\\frontend\\src\\app\\api\\courses"
2026-01-04T09:02:15.233479Z  INFO get_files:scan_sources: tailwindcss_oxide::scanner: Discovering "C:\\Users\\c0a250065c\\Desktop\\研究\\hakson\\pure_review\\frontend\\src\\app\\api\\courses\\[courseId]"
2026-01-04T09:02:15.233647Z  INFO get_files:scan_sources: tailwindcss_oxide::scanner: Discovering "C:\\Users\\c0a250065c\\Desktop\\研究\\hakson\\pure_review\\frontend\\src\\app\\assignments"
2026-01-04T09:02:15.233808Z  INFO get_files:scan_sources: tailwindcss_oxide::scanner: Discovering "C:\\Users\\c0a250065c\\Desktop\\研究\\hakson\\pure_review\\frontend\\src\\app\\assignments\\[assignmentId]"
2026-01-04T09:02:15.233992Z  INFO get_files:scan_sources: tailwindcss_oxide::scanner: Discovering "C:\\Users\\c0a250065c\\Desktop\\研究\\hakson\\pure_review\\frontend\\src\\app\\auth"
2026-01-04T09:02:15.234099Z  INFO get_files:scan_sources: tailwindcss_oxide::scanner: Discovering "C:\\Users\\c0a250065c\\Desktop\\研究\\hakson\\pure_review\\frontend\\src\\app\\auth\\login"
2026-01-04T09:02:15.234233Z  INFO get_files:scan_sources: tailwindcss_oxide::scanner: Discovering "C:\\Users\\c0a250065c\\Desktop\\研究\\hakson\\pure_review\\frontend\\src\\app\\auth\\register"
2026-01-04T09:02:15.234379Z  INFO get_files:scan_sources: tailwindcss_oxide::scanner: Discovering "C:\\Users\\c0a250065c\\Desktop\\研究\\hakson\\pure_review\\frontend\\src\\app\\courses"
2026-01-04T09:02:15.234529Z  INFO get_files:scan_sources: tailwindcss_oxide::scanner: Discovering "C:\\Users\\c0a250065c\\Desktop\\研究\\hakson\\pure_review\\frontend\\src\\app\\courses\\[courseId]"
2026-01-04T09:02:15.234729Z  INFO get_files:scan_sources: tailwindcss_oxide::scanner: Discovering "C:\\Users\\c0a250065c\\Desktop\\研究\\hakson\\pure_review\\frontend\\src\\app\\mypage"
2026-01-04T09:02:15.234933Z  INFO get_files:scan_sources: tailwindcss_oxide::scanner: Discovering "C:\\Users\\c0a250065c\\Desktop\\研究\\hakson\\pure_review\\frontend\\src\\app\\start"
2026-01-04T09:02:15.235070Z  INFO get_files:scan_sources: tailwindcss_oxide::scanner: Discovering "C:\\Users\\c0a250065c\\Desktop\\研究\\hakson\\pure_review\\frontend\\src\\app\\ta"
2026-01-04T09:02:15.235173Z  INFO get_files:scan_sources: tailwindcss_oxide::scanner: Discovering "C:\\Users\\c0a250065c\\Desktop\\研究\\hakson\\pure_review\\frontend\\src\\app\\ta\\requests"
2026-01-04T09:02:15.235332Z  INFO get_files:scan_sources: tailwindcss_oxide::scanner: Discovering "C:\\Users\\c0a250065c\\Desktop\\研究\\hakson\\pure_review\\frontend\\src\\components"
2026-01-04T09:02:15.235460Z  INFO get_files:scan_sources: tailwindcss_oxide::scanner: Discovering "C:\\Users\\c0a250065c\\Desktop\\研究\\hakson\\pure_review\\frontend\\src\\components\\legacy-ui"
2026-01-04T09:02:15.235670Z  INFO get_files:scan_sources: tailwindcss_oxide::scanner: Discovering "C:\\Users\\c0a250065c\\Desktop\\研究\\hakson\\pure_review\\frontend\\src\\components\\ui"
2026-01-04T09:02:15.236114Z  INFO get_files:scan_sources: tailwindcss_oxide::scanner: Discovering "C:\\Users\\c0a250065c\\Desktop\\研究\\hakson\\pure_review\\frontend\\src\\lib"
2026-01-04T09:02:15.236327Z  INFO get_files:scan_sources: tailwindcss_oxide::scanner: exit
2026-01-04T09:02:15.236671Z  INFO get_files: tailwindcss_oxide::scanner: exit
2026-01-04T09:02:15.236938Z  INFO get_globs: tailwindcss_oxide::scanner: enter
2026-01-04T09:02:15.236944Z  INFO get_globs:scan_sources: tailwindcss_oxide::scanner: enter
2026-01-04T09:02:15.238294Z  INFO get_globs:scan_sources: tailwindcss_oxide::scanner: Discovering "C:\\Users\\c0a250065c\\Desktop\\研究\\hakson\\pure_review\\frontend\\public"
2026-01-04T09:02:15.238564Z  INFO get_globs:scan_sources: tailwindcss_oxide::scanner: Discovering "C:\\Users\\c0a250065c\\Desktop\\研究\\hakson\\pure_review\\frontend\\src"
2026-01-04T09:02:15.238675Z  INFO get_globs:scan_sources: tailwindcss_oxide::scanner: Discovering "C:\\Users\\c0a250065c\\Desktop\\研究\\hakson\\pure_review\\frontend\\src\\app"
2026-01-04T09:02:15.238785Z  INFO get_globs:scan_sources: tailwindcss_oxide::scanner: Discovering "C:\\Users\\c0a250065c\\Desktop\\研究\\hakson\\pure_review\\frontend\\src\\app\\api"
2026-01-04T09:02:15.238904Z  INFO get_globs:scan_sources: tailwindcss_oxide::scanner: Discovering "C:\\Users\\c0a250065c\\Desktop\\研究\\hakson\\pure_review\\frontend\\src\\app\\api\\courses"
2026-01-04T09:02:15.239020Z  INFO get_globs:scan_sources: tailwindcss_oxide::scanner: Discovering "C:\\Users\\c0a250065c\\Desktop\\研究\\hakson\\pure_review\\frontend\\src\\app\\api\\courses\\[courseId]"
2026-01-04T09:02:15.239191Z  INFO get_globs:scan_sources: tailwindcss_oxide::scanner: Discovering "C:\\Users\\c0a250065c\\Desktop\\研究\\hakson\\pure_review\\frontend\\src\\app\\assignments"
2026-01-04T09:02:15.239339Z  INFO get_globs:scan_sources: tailwindcss_oxide::scanner: Discovering "C:\\Users\\c0a250065c\\Desktop\\研究\\hakson\\pure_review\\frontend\\src\\app\\assignments\\[assignmentId]"
2026-01-04T09:02:15.239493Z  INFO get_globs:scan_sources: tailwindcss_oxide::scanner: Discovering "C:\\Users\\c0a250065c\\Desktop\\研究\\hakson\\pure_review\\frontend\\src\\app\\auth"
2026-01-04T09:02:15.239600Z  INFO get_globs:scan_sources: tailwindcss_oxide::scanner: Discovering "C:\\Users\\c0a250065c\\Desktop\\研究\\hakson\\pure_review\\frontend\\src\\app\\auth\\login"
2026-01-04T09:02:15.239736Z  INFO get_globs:scan_sources: tailwindcss_oxide::scanner: Discovering "C:\\Users\\c0a250065c\\Desktop\\研究\\hakson\\pure_review\\frontend\\src\\app\\auth\\register"
2026-01-04T09:02:15.239931Z  INFO get_globs:scan_sources: tailwindcss_oxide::scanner: Discovering "C:\\Users\\c0a250065c\\Desktop\\研究\\hakson\\pure_review\\frontend\\src\\app\\courses"
2026-01-04T09:02:15.240042Z  INFO get_globs:scan_sources: tailwindcss_oxide::scanner: Discovering "C:\\Users\\c0a250065c\\Desktop\\研究\\hakson\\pure_review\\frontend\\src\\app\\courses\\[courseId]"
2026-01-04T09:02:15.240242Z  INFO get_globs:scan_sources: tailwindcss_oxide::scanner: Discovering "C:\\Users\\c0a250065c\\Desktop\\研究\\hakson\\pure_review\\frontend\\src\\app\\mypage"
2026-01-04T09:02:15.240437Z  INFO get_globs:scan_sources: tailwindcss_oxide::scanner: Discovering "C:\\Users\\c0a250065c\\Desktop\\研究\\hakson\\pure_review\\frontend\\src\\app\\start"
2026-01-04T09:02:15.240573Z  INFO get_globs:scan_sources: tailwindcss_oxide::scanner: Discovering "C:\\Users\\c0a250065c\\Desktop\\研究\\hakson\\pure_review\\frontend\\src\\app\\ta"
2026-01-04T09:02:15.240675Z  INFO get_globs:scan_sources: tailwindcss_oxide::scanner: Discovering "C:\\Users\\c0a250065c\\Desktop\\研究\\hakson\\pure_review\\frontend\\src\\app\\ta\\requests"
2026-01-04T09:02:15.240835Z  INFO get_globs:scan_sources: tailwindcss_oxide::scanner: Discovering "C:\\Users\\c0a250065c\\Desktop\\研究\\hakson\\pure_review\\frontend\\src\\components"
2026-01-04T09:02:15.240982Z  INFO get_globs:scan_sources: tailwindcss_oxide::scanner: Discovering "C:\\Users\\c0a250065c\\Desktop\\研究\\hakson\\pure_review\\frontend\\src\\components\\legacy-ui"
2026-01-04T09:02:15.241196Z  INFO get_globs:scan_sources: tailwindcss_oxide::scanner: Discovering "C:\\Users\\c0a250065c\\Desktop\\研究\\hakson\\pure_review\\frontend\\src\\components\\ui"
2026-01-04T09:02:15.241505Z  INFO get_globs:scan_sources: tailwindcss_oxide::scanner: Discovering "C:\\Users\\c0a250065c\\Desktop\\研究\\hakson\\pure_review\\frontend\\src\\lib"
2026-01-04T09:02:15.242276Z  INFO get_globs:scan_sources: tailwindcss_oxide::scanner: Discovering "C:\\Users\\c0a250065c\\Desktop\\研究\\hakson\\pure_review\\frontend\\src\\app"
2026-01-04T09:02:15.242402Z  INFO get_globs:scan_sources: tailwindcss_oxide::scanner: Discovering "C:\\Users\\c0a250065c\\Desktop\\研究\\hakson\\pure_review\\frontend\\src\\app\\api"
2026-01-04T09:02:15.242513Z  INFO get_globs:scan_sources: tailwindcss_oxide::scanner: Discovering "C:\\Users\\c0a250065c\\Desktop\\研究\\hakson\\pure_review\\frontend\\src\\app\\api\\courses"
2026-01-04T09:02:15.244001Z  INFO get_globs:scan_sources: tailwindcss_oxide::scanner: Discovering "C:\\Users\\c0a250065c\\Desktop\\研究\\hakson\\pure_review\\frontend\\src\\app\\api\\courses\\[courseId]"
2026-01-04T09:02:15.244285Z  INFO get_globs:scan_sources: tailwindcss_oxide::scanner: Discovering "C:\\Users\\c0a250065c\\Desktop\\研究\\hakson\\pure_review\\frontend\\src\\app\\assignments"
2026-01-04T09:02:15.244571Z  INFO get_globs:scan_sources: tailwindcss_oxide::scanner: Discovering "C:\\Users\\c0a250065c\\Desktop\\研究\\hakson\\pure_review\\frontend\\src\\app\\assignments\\[assignmentId]"
2026-01-04T09:02:15.244773Z  INFO get_globs:scan_sources: tailwindcss_oxide::scanner: Discovering "C:\\Users\\c0a250065c\\Desktop\\研究\\hakson\\pure_review\\frontend\\src\\app\\auth"
2026-01-04T09:02:15.244927Z  INFO get_globs:scan_sources: tailwindcss_oxide::scanner: Discovering "C:\\Users\\c0a250065c\\Desktop\\研究\\hakson\\pure_review\\frontend\\src\\app\\auth\\login"
2026-01-04T09:02:15.245084Z  INFO get_globs:scan_sources: tailwindcss_oxide::scanner: Discovering "C:\\Users\\c0a250065c\\Desktop\\研究\\hakson\\pure_review\\frontend\\src\\app\\auth\\register"
2026-01-04T09:02:15.245247Z  INFO get_globs:scan_sources: tailwindcss_oxide::scanner: Discovering "C:\\Users\\c0a250065c\\Desktop\\研究\\hakson\\pure_review\\frontend\\src\\app\\courses"
2026-01-04T09:02:15.245366Z  INFO get_globs:scan_sources: tailwindcss_oxide::scanner: Discovering "C:\\Users\\c0a250065c\\Desktop\\研究\\hakson\\pure_review\\frontend\\src\\app\\courses\\[courseId]"
2026-01-04T09:02:15.245618Z  INFO get_globs:scan_sources: tailwindcss_oxide::scanner: Discovering "C:\\Users\\c0a250065c\\Desktop\\研究\\hakson\\pure_review\\frontend\\src\\app\\mypage"
2026-01-04T09:02:15.245842Z  INFO get_globs:scan_sources: tailwindcss_oxide::scanner: Discovering "C:\\Users\\c0a250065c\\Desktop\\研究\\hakson\\pure_review\\frontend\\src\\app\\start"
2026-01-04T09:02:15.245982Z  INFO get_globs:scan_sources: tailwindcss_oxide::scanner: Discovering "C:\\Users\\c0a250065c\\Desktop\\研究\\hakson\\pure_review\\frontend\\src\\app\\ta"
2026-01-04T09:02:15.246088Z  INFO get_globs:scan_sources: tailwindcss_oxide::scanner: Discovering "C:\\Users\\c0a250065c\\Desktop\\研究\\hakson\\pure_review\\frontend\\src\\app\\ta\\requests"
2026-01-04T09:02:15.246272Z  INFO get_globs:scan_sources: tailwindcss_oxide::scanner: Discovering "C:\\Users\\c0a250065c\\Desktop\\研究\\hakson\\pure_review\\frontend\\src\\components"
2026-01-04T09:02:15.246732Z  INFO get_globs:scan_sources: tailwindcss_oxide::scanner: Discovering "C:\\Users\\c0a250065c\\Desktop\\研究\\hakson\\pure_review\\frontend\\src\\components\\legacy-ui"
2026-01-04T09:02:15.247153Z  INFO get_globs:scan_sources: tailwindcss_oxide::scanner: Discovering "C:\\Users\\c0a250065c\\Desktop\\研究\\hakson\\pure_review\\frontend\\src\\components\\ui"
2026-01-04T09:02:15.247486Z  INFO get_globs:scan_sources: tailwindcss_oxide::scanner: Discovering "C:\\Users\\c0a250065c\\Desktop\\研究\\hakson\\pure_review\\frontend\\src\\lib"
2026-01-04T09:02:15.247703Z  INFO get_globs:scan_sources: tailwindcss_oxide::scanner: exit
2026-01-04T09:02:15.250989Z  INFO get_globs: tailwindcss_oxide::scanner: exit
